0 info it worked if it ends with ok
1 verbose cli [ '/usr/bin/node', '/usr/bin/npm', 'run', 'dev' ]
2 info using npm@4.0.5
3 info using node@v7.3.0
4 verbose run-script [ 'predev', 'dev', 'postdev' ]
5 info lifecycle lightdm-webkit2-material2@0.0.1~predev: lightdm-webkit2-material2@0.0.1
6 silly lifecycle lightdm-webkit2-material2@0.0.1~predev: no script for predev, continuing
7 info lifecycle lightdm-webkit2-material2@0.0.1~dev: lightdm-webkit2-material2@0.0.1
8 verbose lifecycle lightdm-webkit2-material2@0.0.1~dev: unsafe-perm in lifecycle true
9 verbose lifecycle lightdm-webkit2-material2@0.0.1~dev: PATH: /usr/lib/node_modules/npm/bin/node-gyp-bin:/usr/share/lightdm-webkit/themes/material-git/node_modules/.bin:/home/ayrton/bin:/usr/local/bin:/usr/lib/hardening-wrapper/bin:/usr/local/sbin:/usr/local/bin:/usr/bin:/usr/lib/jvm/default/bin:/usr/bin/site_perl:/usr/bin/vendor_perl:/usr/bin/core_perl
10 verbose lifecycle lightdm-webkit2-material2@0.0.1~dev: CWD: /usr/share/lightdm-webkit/themes/material-git
11 silly lifecycle lightdm-webkit2-material2@0.0.1~dev: Args: [ '-c',
11 silly lifecycle   'cross-env NODE_ENV=development webpack-dev-server --inline --hot --progress' ]
12 silly lifecycle lightdm-webkit2-material2@0.0.1~dev: Returned: code: 1  signal: null
13 info lifecycle lightdm-webkit2-material2@0.0.1~dev: Failed to exec dev script
14 verbose stack Error: lightdm-webkit2-material2@0.0.1 dev: `cross-env NODE_ENV=development webpack-dev-server --inline --hot --progress`
14 verbose stack Exit status 1
14 verbose stack     at EventEmitter.<anonymous> (/usr/lib/node_modules/npm/lib/utils/lifecycle.js:279:16)
14 verbose stack     at emitTwo (events.js:106:13)
14 verbose stack     at EventEmitter.emit (events.js:191:7)
14 verbose stack     at ChildProcess.<anonymous> (/usr/lib/node_modules/npm/lib/utils/spawn.js:40:14)
14 verbose stack     at emitTwo (events.js:106:13)
14 verbose stack     at ChildProcess.emit (events.js:191:7)
14 verbose stack     at maybeClose (internal/child_process.js:885:16)
14 verbose stack     at Process.ChildProcess._handle.onexit (internal/child_process.js:226:5)
15 verbose pkgid lightdm-webkit2-material2@0.0.1
16 verbose cwd /usr/share/lightdm-webkit/themes/material-git
17 error Linux 4.8.15-2-ck-skylake
18 error argv "/usr/bin/node" "/usr/bin/npm" "run" "dev"
19 error node v7.3.0
20 error npm  v4.0.5
21 error code ELIFECYCLE
22 error lightdm-webkit2-material2@0.0.1 dev: `cross-env NODE_ENV=development webpack-dev-server --inline --hot --progress`
22 error Exit status 1
23 error Failed at the lightdm-webkit2-material2@0.0.1 dev script 'cross-env NODE_ENV=development webpack-dev-server --inline --hot --progress'.
23 error Make sure you have the latest version of node.js and npm installed.
23 error If you do, this is most likely a problem with the lightdm-webkit2-material2 package,
23 error not with npm itself.
23 error Tell the author that this fails on your system:
23 error     cross-env NODE_ENV=development webpack-dev-server --inline --hot --progress
23 error You can get information on how to open an issue for this project with:
23 error     npm bugs lightdm-webkit2-material2
23 error Or if that isn't available, you can get their info via:
23 error     npm owner ls lightdm-webkit2-material2
23 error There is likely additional logging output above.
24 verbose exit [ 1, true ]
